2023-06-28 18:05:38,527 INFO o.a.j.u.JMeterUtils: Setting Locale to en_IN
2023-06-28 18:05:38,575 INFO o.a.j.JMeter: Loading user properties from: /Users/mpatel/Documents/apache-jmeter-5.5/bin/user.properties
2023-06-28 18:05:38,583 INFO o.a.j.JMeter: Loading system properties from: /Users/mpatel/Documents/apache-jmeter-5.5/bin/system.properties
2023-06-28 18:05:38,587 INFO o.a.j.JMeter: Copyright (c) 1998-2022 The Apache Software Foundation
2023-06-28 18:05:38,587 INFO o.a.j.JMeter: Version 5.5
2023-06-28 18:05:38,587 INFO o.a.j.JMeter: java.version=19.0.1
2023-06-28 18:05:38,587 INFO o.a.j.JMeter: java.vm.name=Java HotSpot(TM) 64-Bit Server VM
2023-06-28 18:05:38,587 INFO o.a.j.JMeter: os.name=Mac OS X
2023-06-28 18:05:38,587 INFO o.a.j.JMeter: os.arch=aarch64
2023-06-28 18:05:38,587 INFO o.a.j.JMeter: os.version=13.4.1
2023-06-28 18:05:38,587 INFO o.a.j.JMeter: file.encoding=UTF-8
2023-06-28 18:05:38,587 INFO o.a.j.JMeter: java.awt.headless=null
2023-06-28 18:05:38,587 INFO o.a.j.JMeter: Max memory     =8589934592
2023-06-28 18:05:38,587 INFO o.a.j.JMeter: Available Processors =10
2023-06-28 18:05:38,595 INFO o.a.j.JMeter: Default Locale=English (India)
2023-06-28 18:05:38,596 INFO o.a.j.JMeter: JMeter  Locale=English (India)
2023-06-28 18:05:38,596 INFO o.a.j.JMeter: JMeterHome=/Users/mpatel/Documents/apache-jmeter-5.5
2023-06-28 18:05:38,596 INFO o.a.j.JMeter: user.dir  =/Users/mpatel/Documents/Lab_Blazemeter
2023-06-28 18:05:38,596 INFO o.a.j.JMeter: PWD       =/Users/mpatel/Documents/Lab_Blazemeter
2023-06-28 18:05:38,857 INFO o.a.j.JMeter: IP: 192.168.96.69 Name: MPATEL0422 FullName: 192.168.96.69
2023-06-28 18:05:38,874 INFO o.a.j.JMeter: Loaded icon properties from org/apache/jmeter/images/icon.properties
2023-06-28 18:05:39,589 INFO o.a.j.JMeterGuiLauncher: Setting LAF to: laf:com.apple.laf.AquaLookAndFeel
2023-06-28 18:05:42,851 WARN o.j.r.PluginManager: Found JAR conflict: /Users/mpatel/Documents/apache-jmeter-5.5/lib/ext/hlsparserj-c287e78.jar and /Users/mpatel/Documents/apache-jmeter-5.5/lib/hlsparserj-c287e78.jar
2023-06-28 18:05:42,851 WARN o.j.r.PluginManager: Found JAR conflict: /Users/mpatel/Documents/apache-jmeter-5.5/lib/ext/jmeter-plugins-cmn-jmeter-0.7.jar and /Users/mpatel/Documents/apache-jmeter-5.5/lib/jmeter-plugins-cmn-jmeter-0.7.jar
2023-06-28 18:05:42,851 WARN o.j.r.PluginManager: Found JAR conflict: /Users/mpatel/Documents/apache-jmeter-5.5/lib/ext/jmeter-plugins-manager-1.9.jar and /Users/mpatel/Documents/apache-jmeter-5.5/lib/ext/jmeter-plugins-manager-1.8.jar
2023-06-28 18:05:42,876 INFO o.j.r.JARSourceHTTP: Requesting https://jmeter-plugins.org/repo/?installID=mac_os_x-96c2125ca21b2f5b7f6a6af43ebabb08-gui
2023-06-28 18:05:45,294 WARN c.b.j.c.u.CitrixUtils: ERROR! Resource string not found: [when_the_application_starts,_press_the_button]
2023-06-28 18:05:45,324 INFO c.b.j.c.r.g.TemplateUpdater: Checking if we need to refresh XML template file /Users/mpatel/Documents/apache-jmeter-5.5/bin/templates/bzmCitrixTemplate.xml
2023-06-28 18:05:45,333 INFO c.b.j.c.r.g.TemplateUpdater: Checking if we need to refresh JMX template file /Users/mpatel/Documents/apache-jmeter-5.5/bin/templates/citrixRecordingTemplate.jmx
2023-06-28 18:05:45,338 INFO o.a.j.g.a.t.TemplateManager: Reading templates from: /Users/mpatel/Documents/apache-jmeter-5.5/bin/templates/templates.xml
2023-06-28 18:05:45,349 INFO c.b.j.c.r.g.TemplateUpdater: Registering template Template [isTestPlan=true, name=BlazeMeter Citrix Recording, fileName=/bin/templates/citrixRecordingTemplate.jmx, description=
        <h1>Template you can use to record a Citrix application called through ICA Client</h1>
        <p>This template is provided by Citrix Plugin which allows load testing Citrix Applications.<br/>
        Ensure you read Pre-requisites and User Manual before using the plugin. See <b>Useful links</b> below.
        Once the new plan is created update configuration properties on the Citrix Recorder element.
        </p>
        <h2>Useful links</h2>
            <ul>
                <li><a href="https://github.com/Blazemeter/CitrixPlugin/blob/master/PRE_REQUISITES.md" >Pre-requisites</a></li>
                <li><a href="https://github.com/Blazemeter/CitrixPlugin/blob/master/SETUP.md" >Setup</a></li>
                <li><a href="https://github.com/Blazemeter/CitrixPlugin/blob/master/README.md" >User manual</a></li>
                <li><a href="https://github.com/Blazemeter/CitrixPlugin/blob/master/TROUBLESHOOTING.md" >Troubleshooting</a></li>
            </ul>
        , parameters=null]
2023-06-28 18:05:45,549 INFO o.a.j.e.KeyToolUtils: keytool found at 'keytool'
2023-06-28 18:05:45,550 INFO o.a.j.p.h.p.ProxyControl: HTTP(S) Test Script Recorder SSL Proxy will use keys that support embedded 3rd party resources in file /Users/mpatel/Documents/apache-jmeter-5.5/bin/proxyserver.jks
2023-06-28 18:05:45,605 INFO c.b.j.c.CorrelationProxyControlGui: bzm - Correlation Recorder Test Plan Template installed
2023-06-28 18:05:45,614 INFO c.b.j.c.CorrelationProxyControlGui: Siebel Correlation's Template installed
2023-06-28 18:05:45,627 INFO o.a.j.p.h.s.HTTPSamplerBase: Parser for text/html is org.apache.jmeter.protocol.http.parser.LagartoBasedHtmlParser
2023-06-28 18:05:45,627 INFO o.a.j.p.h.s.HTTPSamplerBase: Parser for application/xhtml+xml is org.apache.jmeter.protocol.http.parser.LagartoBasedHtmlParser
2023-06-28 18:05:45,628 INFO o.a.j.p.h.s.HTTPSamplerBase: Parser for application/xml is org.apache.jmeter.protocol.http.parser.LagartoBasedHtmlParser
2023-06-28 18:05:45,628 INFO o.a.j.p.h.s.HTTPSamplerBase: Parser for text/xml is org.apache.jmeter.protocol.http.parser.LagartoBasedHtmlParser
2023-06-28 18:05:45,628 INFO o.a.j.p.h.s.HTTPSamplerBase: Parser for text/vnd.wap.wml is org.apache.jmeter.protocol.http.parser.RegexpHTMLParser
2023-06-28 18:05:45,628 INFO o.a.j.p.h.s.HTTPSamplerBase: Parser for text/css is org.apache.jmeter.protocol.http.parser.CssParser
2023-06-28 18:05:45,750 INFO o.a.j.s.SaveService: Testplan (JMX) version: 2.2. Testlog (JTL) version: 2.2
2023-06-28 18:05:45,754 INFO o.a.j.s.SaveService: Using SaveService properties version 5.0
2023-06-28 18:05:45,755 INFO o.a.j.s.SaveService: Using SaveService properties file encoding UTF-8
2023-06-28 18:05:46,118 WARN o.a.j.g.ObjectTableModel: Header count=13 but classes count=11
2023-06-28 18:05:46,118 WARN o.a.j.g.ObjectTableModel: Header count=13 but writeFunctor count=11
2023-06-28 18:05:46,658 INFO o.j.r.PluginManager: Plugins Status: [jpgc-graphs-basic=2.0, jpgc-graphs-additional=2.0, bzm-jmeter-citrix-plugin=0.7.6, bzm-siebel=1.2.3, bzm-hls=3.1, bzm-http2-legacy=2.0.2, bzm-http2=2.0.2, bzm-rte=3.2.2, blazemeter-debugger=0.6, jpgc-sense=3.5, jpgc-casutg=2.10, jpgc-dummy=0.4, jpgc-filterresults=2.2, jpgc-graphs-vs=2.0, bzm-parallel=0.11, jpgc-plugins-manager=1.8, bzm-random-csv=0.8, jpgc-webdriver=4.8.0, jpgc-synthesis=2.2, jpgc-tst=2.5, jpgc-udp=0.4, jpgc-wsc=0.7, jmeter-core=5.5, jmeter-ftp=5.5, jmeter-http=5.5, jmeter-jdbc=5.5, jmeter-jms=5.5, jmeter-junit=5.5, jmeter-java=5.5, jmeter-ldap=5.5, jmeter-mail=5.5, jmeter-mongodb=5.5, jmeter-native=5.5, jmeter-tcp=5.5, jmeter-components=5.5]
2023-06-28 18:05:46,659 INFO o.j.r.PluginManagerMenuItem: Plugins Manager has upgrades: [bzm-siebel, jpgc-plugins-manager, jpgc-webdriver]
2023-06-28 18:06:09,101 INFO o.a.j.e.u.CompoundVariable: Note: Function class names must contain the string: '.functions.'
2023-06-28 18:06:09,101 INFO o.a.j.e.u.CompoundVariable: Note: Function class names must not contain the string: '.gui.'
2023-06-28 18:14:06,284 INFO o.a.j.s.FileServer: Default base='/Users/mpatel/Documents/Lab_Blazemeter'
2023-06-28 18:14:06,286 INFO o.a.j.g.a.Load: Loading file: /Users/mpatel/Downloads/04_Functions.jmx
2023-06-28 18:14:06,287 INFO o.a.j.s.FileServer: Set new base='/Users/mpatel/Downloads'
2023-06-28 18:14:06,287 INFO o.a.j.s.SaveService: Loading file: /Users/mpatel/Downloads/04_Functions.jmx
2023-06-28 18:14:06,395 INFO o.a.j.s.SampleResult: Note: Sample TimeStamps are START times
2023-06-28 18:14:06,395 INFO o.a.j.s.SampleResult: sampleresult.default.encoding is set to ISO-8859-1
2023-06-28 18:14:06,395 INFO o.a.j.s.SampleResult: sampleresult.useNanoTime=true
2023-06-28 18:14:06,395 INFO o.a.j.s.SampleResult: sampleresult.nanoThreadSleep=5000
2023-06-28 18:14:06,516 INFO o.a.j.v.ViewResultsFullVisualizer: Add JavaFX to your Java installation if you want to use renderer: org.apache.jmeter.visualizers.RenderInBrowser
2023-06-28 18:14:06,643 INFO o.a.j.s.FileServer: Set new base='/Users/mpatel/Downloads'
